<?xml version="1.0" encoding="UTF-8"?>
<robot generator="Robot 6.0.2 (Python 3.7.4 on darwin)" generated="20230426 22:05:41.672" rpa="false" schemaversion="3">
<suite id="s1" name="Test" source="/Users/Eddie27/Documents/rf-aha/cases/test.robot">
<test id="s1-t1" name="Open Earnaha Website and Login with Google" line="5">
<kw name="Open Browser" library="SeleniumLibrary">
<arg>https://www.earnaha.com/</arg>
<arg>chrome</arg>
<doc>Opens a new browser instance to the optional ``url``.</doc>
<msg timestamp="20230426 22:05:41.852" level="INFO">Opening browser 'chrome' to base url 'https://www.earnaha.com/'.</msg>
<msg timestamp="20230426 22:05:41.853" level="INFO">Executing: /Library/Frameworks/Python.framework/Versions/3.7/lib/python3.7/site-packages/selenium/webdriver/common/macos/selenium-manager --browser chrome --output json</msg>
<status status="PASS" starttime="20230426 22:05:41.852" endtime="20230426 22:05:45.192"/>
</kw>
<kw name="Wait Until Page Contains" library="SeleniumLibrary">
<arg>Log In</arg>
<doc>Waits until ``text`` appears on the current page.</doc>
<status status="PASS" starttime="20230426 22:05:45.192" endtime="20230426 22:05:45.207"/>
</kw>
<kw name="Click Element" library="SeleniumLibrary">
<arg>xpath=//a[@href='https://app.earnaha.com/api/auth/login']</arg>
<doc>Click the element identified by ``locator``.</doc>
<msg timestamp="20230426 22:05:45.208" level="INFO">Clicking element 'xpath=//a[@href='https://app.earnaha.com/api/auth/login']'.</msg>
<status status="PASS" starttime="20230426 22:05:45.207" endtime="20230426 22:05:46.689"/>
</kw>
<kw name="Wait Until Page Contains" library="SeleniumLibrary">
<arg>Continue with Google</arg>
<doc>Waits until ``text`` appears on the current page.</doc>
<status status="PASS" starttime="20230426 22:05:46.690" endtime="20230426 22:05:46.702"/>
</kw>
<kw name="Click Element" library="SeleniumLibrary">
<arg>xpath=//span[text()='Continue with Google']</arg>
<doc>Click the element identified by ``locator``.</doc>
<msg timestamp="20230426 22:05:46.703" level="INFO">Clicking element 'xpath=//span[text()='Continue with Google']'.</msg>
<status status="PASS" starttime="20230426 22:05:46.702" endtime="20230426 22:05:47.456"/>
</kw>
<kw name="Input Text" library="SeleniumLibrary">
<arg>xpath=//input[@type='email']</arg>
<arg>eddiefree27@gmail.com</arg>
<doc>Types the given ``text`` into the text field identified by ``locator``.</doc>
<msg timestamp="20230426 22:05:47.458" level="INFO">Typing text 'eddiefree27@gmail.com' into text field 'xpath=//input[@type='email']'.</msg>
<status status="PASS" starttime="20230426 22:05:47.456" endtime="20230426 22:05:47.764"/>
</kw>
<kw name="Click Element" library="SeleniumLibrary">
<arg>xpath=//span[text()='Next' or text()='繼續' or text()='下一步']</arg>
<doc>Click the element identified by ``locator``.</doc>
<msg timestamp="20230426 22:05:47.765" level="INFO">Clicking element 'xpath=//span[text()='Next' or text()='繼續' or text()='下一步']'.</msg>
<status status="PASS" starttime="20230426 22:05:47.764" endtime="20230426 22:05:47.835"/>
</kw>
<kw name="Input Text" library="SeleniumLibrary">
<arg>xpath=//input[@type='password']</arg>
<arg>Ddong6lolcaoursell</arg>
<doc>Types the given ``text`` into the text field identified by ``locator``.</doc>
<msg timestamp="20230426 22:05:47.836" level="INFO">Typing text 'Ddong6lolcaoursell' into text field 'xpath=//input[@type='password']'.</msg>
<msg timestamp="20230426 22:05:48.025" level="INFO" html="true">&lt;/td&gt;&lt;/tr&gt;&lt;tr&gt;&lt;td colspan="3"&gt;&lt;a href="selenium-screenshot-7.png"&gt;&lt;img src="selenium-screenshot-7.png" width="800px"&gt;&lt;/a&gt;</msg>
<msg timestamp="20230426 22:05:48.026" level="FAIL">ElementNotInteractableException: Message: element not interactable
  (Session info: chrome=112.0.5615.137)
Stacktrace:
0   chromedriver                        0x000000010396fae8 chromedriver + 4958952
1   chromedriver                        0x00000001039677b3 chromedriver + 4925363
2   chromedriver                        0x0000000103529051 chromedriver + 475217
3   chromedriver                        0x0000000103561c05 chromedriver + 707589
4   chromedriver                        0x0000000103592c12 chromedriver + 908306
5   chromedriver                        0x000000010355e8f1 chromedriver + 694513
6   chromedriver                        0x0000000103592dce chromedriver + 908750
7   chromedriver                        0x00000001035ae25b chromedriver + 1020507
8   chromedriver                        0x00000001035929e3 chromedriver + 907747
9   chromedriver                        0x000000010355caef chromedriver + 686831
10  chromedriver                        0x000000010355e00e chromedriver + 692238
11  chromedriver                        0x000000010392b9ad chromedriver + 4680109
12  chromedriver                        0x0000000103930c12 chromedriver + 4701202
13  chromedriver                        0x000000010393779f chromedriver + 4728735
14  chromedriver                        0x0000000103931b7a chromedriver + 4705146
15  chromedriver                        0x000000010390427e chromedriver + 4518526
16  chromedriver                        0x0000000103951908 chromedriver + 4835592
17  chromedriver                        0x0000000103951a87 chromedriver + 4835975
18  chromedriver                        0x000000010396100f chromedriver + 4898831
19  libsystem_pthread.dylib             0x00007ff801a8f4e1 _pthread_start + 125
20  libsystem_pthread.dylib             0x00007ff801a8af6b thread_start + 15
</msg>
<status status="FAIL" starttime="20230426 22:05:47.835" endtime="20230426 22:05:48.030"/>
</kw>
<kw name="Click Element" library="SeleniumLibrary">
<arg>xpath=//button[@type='submit']</arg>
<doc>Click the element identified by ``locator``.</doc>
<status status="NOT RUN" starttime="20230426 22:05:48.030" endtime="20230426 22:05:48.030"/>
</kw>
<kw name="Wait Until Page Contains" library="SeleniumLibrary">
<arg>Continue</arg>
<doc>Waits until ``text`` appears on the current page.</doc>
<status status="NOT RUN" starttime="20230426 22:05:48.031" endtime="20230426 22:05:48.031"/>
</kw>
<status status="FAIL" starttime="20230426 22:05:41.851" endtime="20230426 22:05:48.031">ElementNotInteractableException: Message: element not interactable
  (Session info: chrome=112.0.5615.137)
Stacktrace:
0   chromedriver                        0x000000010396fae8 chromedriver + 4958952
1   chromedriver                        0x00000001039677b3 chromedriver + 4925363
2   chromedriver                        0x0000000103529051 chromedriver + 475217
3   chromedriver                        0x0000000103561c05 chromedriver + 707589
4   chromedriver                        0x0000000103592c12 chromedriver + 908306
5   chromedriver                        0x000000010355e8f1 chromedriver + 694513
6   chromedriver                        0x0000000103592dce chromedriver + 908750
7   chromedriver                        0x00000001035ae25b chromedriver + 1020507
8   chromedriver                        0x00000001035929e3 chromedriver + 9...
    [ Message content over the limit has been removed. ]
...hromedriver                        0x000000010355e00e chromedriver + 692238
11  chromedriver                        0x000000010392b9ad chromedriver + 4680109
12  chromedriver                        0x0000000103930c12 chromedriver + 4701202
13  chromedriver                        0x000000010393779f chromedriver + 4728735
14  chromedriver                        0x0000000103931b7a chromedriver + 4705146
15  chromedriver                        0x000000010390427e chromedriver + 4518526
16  chromedriver                        0x0000000103951908 chromedriver + 4835592
17  chromedriver                        0x0000000103951a87 chromedriver + 4835975
18  chromedriver                        0x000000010396100f chromedriver + 4898831
19  libsystem_pthread.dylib             0x00007ff801a8f4e1 _pthread_start + 125
20  libsystem_pthread.dylib             0x00007ff801a8af6b thread_start + 15</status>
</test>
<status status="FAIL" starttime="20230426 22:05:41.675" endtime="20230426 22:05:48.033"/>
</suite>
<statistics>
<total>
<stat pass="0" fail="1" skip="0">All Tests</stat>
</total>
<tag>
</tag>
<suite>
<stat pass="0" fail="1" skip="0" id="s1" name="Test">Test</stat>
</suite>
</statistics>
<errors>
</errors>
</robot>
